<?xml version="1.0" encoding="UTF-8"?>
<!-- Generated by org.testng.reporters.JUnitReportReporter -->
<testsuite hostname="DESKTOP-44L9GCC" failures="0" tests="1" name="day3.CookiesDemo" time="2.043" errors="0" timestamp="2024-01-08T11:04:44 IST" skipped="0">
  <testcase classname="day3.CookiesDemo" name="getAllCookies" time="2.043"/>
  <system-out/>
</testsuite> <!-- day3.CookiesDemo -->
