<?xml version="1.0" encoding="UTF-8"?>
<!-- Generated by org.testng.reporters.JUnitReportReporter -->
<testsuite hostname="DESKTOP-44L9GCC" failures="0" tests="1" name="day3.PathandQueryParameters" time="2.965" errors="0" timestamp="2024-01-08T10:37:08 IST" skipped="0">
  <testcase classname="day3.PathandQueryParameters" name="testqueryandpathparameters" time="2.965"/>
  <system-out/>
</testsuite> <!-- day3.PathandQueryParameters -->
