<?xml version="1.0" encoding="UTF-8"?>
<!-- Generated by org.testng.reporters.JUnitReportReporter -->
<testsuite hostname="DESKTOP-44L9GCC" failures="0" tests="1" name="day4.LoggingDemo" time="1.878" errors="0" timestamp="2024-01-08T11:31:02 IST" skipped="0">
  <testcase classname="day4.LoggingDemo" name="testlogs" time="1.878"/>
  <system-out/>
</testsuite> <!-- day4.LoggingDemo -->
