<?xml version="1.0" encoding="UTF-8"?>
<!-- Generated by org.testng.reporters.JUnitReportReporter -->
<testsuite hostname="DESKTOP-44L9GCC" failures="0" tests="1" name="day6.XMlSchemavalidaton" time="1.517" errors="0" timestamp="2024-01-09T13:50:06 IST" skipped="0">
  <testcase classname="day6.XMlSchemavalidaton" name="xmlschema" time="1.517"/>
  <system-out/>
</testsuite> <!-- day6.XMlSchemavalidaton -->
