<?xml version="1.0" encoding="UTF-8"?>
<!-- Generated by org.testng.reporters.JUnitReportReporter -->
<testsuite hostname="DESKTOP-44L9GCC" failures="0" tests="1" name="day5.ParsingXMLResponse" time="1.732" errors="0" timestamp="2024-01-09T10:48:31 IST" skipped="0">
  <testcase classname="day5.ParsingXMLResponse" name="testXMLResponseBody" time="1.732"/>
  <system-out/>
</testsuite> <!-- day5.ParsingXMLResponse -->
