<?xml version="1.0" encoding="UTF-8"?>
<!-- Generated by org.testng.reporters.JUnitReportReporter -->
<testsuite hostname="DESKTOP-44L9GCC" failures="0" tests="1" name="day3.Headersdemo" time="2.198" errors="0" timestamp="2024-01-08T11:26:26 IST" skipped="0">
  <testcase classname="day3.Headersdemo" name="getHeaders" time="2.198"/>
  <system-out/>
</testsuite> <!-- day3.Headersdemo -->
