<?xml version="1.0" encoding="UTF-8"?>
<!-- Generated by org.testng.reporters.JUnitReportReporter -->
<testsuite hostname="DESKTOP-44L9GCC" failures="0" tests="1" name="day8.CreateUSer" time="2.774" errors="0" timestamp="2024-01-13T14:52:14 IST" skipped="0">
  <testcase classname="day8.CreateUSer" name="test_Createuser" time="2.774"/>
  <system-out/>
</testsuite> <!-- day8.CreateUSer -->
