<?xml version="1.0" encoding="UTF-8"?>
<!-- Generated by org.testng.reporters.JUnitReportReporter -->
<testsuite hostname="DESKTOP-44L9GCC" failures="0" tests="4" name="day1.HttpRequest" time="5.099" errors="0" timestamp="2024-01-06T15:51:20 IST" skipped="0">
  <testcase classname="day1.HttpRequest" name="getusers" time="2.011"/>
  <system-out/>
  <testcase classname="day1.HttpRequest" name="createuser" time="0.876"/>
  <system-out/>
  <testcase classname="day1.HttpRequest" name="updateuser" time="1.256"/>
  <system-out/>
  <testcase classname="day1.HttpRequest" name="deleteuser" time="0.956"/>
  <system-out/>
</testsuite> <!-- day1.HttpRequest -->
