<?xml version="1.0" encoding="UTF-8"?>
<!-- Generated by org.testng.reporters.JUnitReportReporter -->
<testsuite hostname="DESKTOP-44L9GCC" failures="0" tests="1" name="day8.DeleteUser" time="0.962" errors="0" timestamp="2024-01-13T14:52:14 IST" skipped="0">
  <testcase classname="day8.DeleteUser" name="test_delUser" time="0.962"/>
  <system-out/>
</testsuite> <!-- day8.DeleteUser -->
