<?xml version="1.0" encoding="UTF-8"?>
<!-- Generated by org.testng.reporters.JUnitReportReporter -->
<testsuite hostname="DESKTOP-44L9GCC" failures="0" tests="1" name="day8.GetUser" time="1.186" errors="0" timestamp="2024-01-13T14:52:14 IST" skipped="0">
  <testcase classname="day8.GetUser" name="test_getuser" time="1.186"/>
  <system-out/>
</testsuite> <!-- day8.GetUser -->
