<?xml version="1.0" encoding="UTF-8"?>
<!-- Generated by org.testng.reporters.JUnitReportReporter -->
<testsuite hostname="DESKTOP-44L9GCC" failures="0" tests="1" name="day7.FakerDataGenerator" time="0.160" errors="0" timestamp="2024-01-10T15:32:16 IST" skipped="0">
  <testcase classname="day7.FakerDataGenerator" name="testGenerateDummyData" time="0.160"/>
  <system-out/>
</testsuite> <!-- day7.FakerDataGenerator -->
